<?xml version="1.0" encoding="utf-8"?><testsuites name="pytest tests"><testsuite name="pytest" errors="0" failures="0" skipped="0" tests="155" time="41.536" timestamp="2026-09-07T21:00:37.416847+09:00" hostname="DESKTOP-IHO2VU7"><testcase classname="tests.test_profiles" name="test_unsupported_blocker_is_schema_error[SHOULD]" time="0.061" /><testcase classname="tests.test_profiles" name="test_unsupported_blocker_is_schema_error[MAY]" time="0.059" /><testcase classname="tests.test_profiles" name="test_unsupported_blocker_is_schema_error[INFO]" time="0.054" /><testcase classname="tests.test_profiles" name="test_no_evidence_no_rule[None]" time="0.061" /><testcase classname="tests.test_profiles" name="test_no_evidence_no_rule[evidence1]" time="0.059" /><testcase classname="tests.test_profiles" name="test_no_evidence_no_rule[evidence2]" time="0.068" /><testcase classname="tests.test_profiles" name="test_provider_evidence_gate_rejects_rewritten_or_invented_quotes" time="0.332" /><testcase classname="tests.test_profiles" name="test_compound_provider_rule_is_flagged_and_cannot_approve" time="0.306" /><testcase classname="tests.test_profiles" name="test_actual_text_profile_atomic_candidates_and_provenance" time="0.243" /><testcase classname="tests.test_profiles" name="test_actual_pdf_bytes_ingestion_and_extraction[submission.pdf-READABLE]" time="0.906" /><testcase classname="tests.test_profiles" name="test_actual_pdf_bytes_ingestion_and_extraction[scanned.pdf-VISION_REQUIRED]" time="0.871" /><testcase classname="tests.test_profiles" name="test_review_edit_approval_confirmation_handoff_and_invalidation" time="0.796" /><testcase classname="tests.test_profiles" name="test_edit_cannot_invent_quote_and_stale_approval_rejected" time="0.600" /><testcase classname="tests.test_profiles" name="test_delete_keeps_audit_and_empty_profile_cannot_confirm" time="0.547" /><testcase classname="tests.test_profiles" name="test_unknown_source_produces_no_invented_rule" time="0.259" /><testcase classname="tests.test_profiles" name="test_generic_results_cannot_fake_automatic_verdicts[PASS]" time="0.065" /><testcase classname="tests.test_profiles" name="test_generic_results_cannot_fake_automatic_verdicts[BLOCKER]" time="0.097" /><testcase classname="tests.test_profiles" name="test_profile_evidence_offset_and_hash_tampering_rejected" time="0.367" /><testcase classname="tests.test_profiles" name="test_unreadable_pdf_and_timeout_do_not_generate_contents" time="0.723" /><testcase classname="tests.test_profiles" name="test_provider_exception_does_not_confirm_or_create_findings" time="0.275" /><testcase classname="tests.test_profiles" name="test_frozen_before_and_current_directory_hashes_match" time="0.066" /><testcase classname="tests.test_smoke" name="test_source_hash_and_runtime_dependencies" time="0.344" /><testcase classname="tests.test_smoke" name="test_health_and_cross_language_status_contract" time="2.121" /><testcase classname="tests.test_smoke" name="test_actual_upload_broken_to_fixed_golden_path" time="6.867" /><testcase classname="tests.test_smoke" name="test_blocker_requires_both_evidence_sources[announcement_evidence]" time="0.067" /><testcase classname="tests.test_smoke" name="test_blocker_requires_both_evidence_sources[submission_evidence]" time="0.082" /><testcase classname="tests.test_smoke" name="test_protected_rules_reject_unsupported_automatic_results[R19-BLOCKER]" time="0.066" /><testcase classname="tests.test_smoke" name="test_protected_rules_reject_unsupported_automatic_results[R20-BLOCKER]" time="0.065" /><testcase classname="tests.test_smoke" name="test_protected_rules_reject_unsupported_automatic_results[R20-PASS]" time="0.070" /><testcase classname="tests.test_smoke" name="test_protected_rules_reject_unsupported_automatic_results[R21-BLOCKER]" time="0.061" /><testcase classname="tests.test_smoke" name="test_protected_rules_reject_unsupported_automatic_results[R21-PASS]" time="0.058" /><testcase classname="tests.test_smoke" name="test_adapter_reduces_adversarial_blocker_to_review[R19]" time="0.822" /><testcase classname="tests.test_smoke" name="test_adapter_reduces_adversarial_blocker_to_review[R20]" time="0.695" /><testcase classname="tests.test_smoke" name="test_adapter_reduces_adversarial_blocker_to_review[R21]" time="0.754" /><testcase classname="tests.test_smoke" name="test_empty_evidence_rejected" time="0.064" /><testcase classname="tests.test_smoke" name="test_incomplete_run_cannot_be_ready" time="0.084" /><testcase classname="tests.test_smoke" name="test_runtime_failure_clears_stale_ready" time="0.204" /><testcase classname="tests.test_smoke" name="test_custom_announcement_does_not_inherit_frozen_profile" time="0.194" /><testcase classname="tests.test_smoke" name="test_upload_boundaries[unsupported]" time="0.193" /><testcase classname="tests.test_smoke" name="test_upload_boundaries[empty]" time="0.165" /><testcase classname="tests.test_smoke" name="test_upload_boundaries[traversal]" time="0.158" /><testcase classname="tests.test_smoke" name="test_upload_boundaries[limit]" time="0.175" /><testcase classname="tests.test_smoke" name="test_duplicate_names_and_count_limits" time="0.357" /><testcase classname="tests.test_smoke" name="test_session_isolation_and_expiry_cleanup" time="0.333" /><testcase classname="tests.test_smoke" name="test_package_tamper_does_not_produce_ready" time="0.276" /><testcase classname="tests.test_smoke" name="test_actual_scanned_pdf_requests_review_without_vision" time="2.387" /><testcase classname="tests.test_smoke" name="test_frozen_profile_required_and_raw_shape_guard" time="0.234" /><testcase classname="tests.test_task06_two_stage" name="test_t1_117_candidates_are_batched_without_all_or_nothing_loss" time="0.096" /><testcase classname="tests.test_task06_two_stage" name="test_t2_evidence_mismatch_is_rejected_by_deterministic_gate" time="0.051" /><testcase classname="tests.test_task06_two_stage" name="test_t3_unsupported_blocker_is_provisional_until_human_approval" time="0.061" /><testcase classname="tests.test_task06_two_stage" name="test_t4_t5_organizer_prize_and_empty_form_labels_are_dropped[\uc2ec\uc0ac\ub294 \uc8fc\ucd5c \uce21 \uc2ec\uc0ac\uc704\uc6d0\uc774 \uc9c4\ud589\ud55c\ub2e4.-organizer operation]" time="0.063" /><testcase classname="tests.test_task06_two_stage" name="test_t4_t5_organizer_prize_and_empty_form_labels_are_dropped[\ucd1d \uc0c1\uae08\uc740 1\ucc9c\ub9cc\uc6d0\uc774\ub2e4.-prize description]" time="0.059" /><testcase classname="tests.test_task06_two_stage" name="test_t4_t5_organizer_prize_and_empty_form_labels_are_dropped[\uc131\uba85-empty form label]" time="0.058" /><testcase classname="tests.test_task06_two_stage" name="test_t6_duplicate_is_dropped_with_linked_provenance" time="0.058" /><testcase classname="tests.test_task06_two_stage" name="test_t7_condition_loss_is_held_for_review" time="0.064" /><testcase classname="tests.test_task06_two_stage" name="test_t8_provider_failure_cannot_activate_validation_or_ready_state" time="0.063" /><testcase classname="tests.test_task06_two_stage" name="test_t9_partial_stage2_failure_preserves_work_and_retries_only_failed_batch" time="0.197" /><testcase classname="tests.test_task06_two_stage" name="test_hard_ceiling_is_explicit_and_never_silently_truncates" time="0.070" /><testcase classname="tests.test_task06_two_stage" name="test_t10_frozen_validator_and_task04_gold_remain_unchanged" time="0.047" /><testcase classname="tests.test_task07_durability" name="test_t1_session_persists_across_store_reconstruction" time="0.099" /><testcase classname="tests.test_task07_durability" name="test_t2_human_review_progress_survives_restart" time="0.109" /><testcase classname="tests.test_task07_durability" name="test_t3_confirmed_profile_survives_restart" time="0.109" /><testcase classname="tests.test_task07_durability" name="test_t4_ai_blocker_remains_non_authoritative_after_restart" time="0.123" /><testcase classname="tests.test_task07_durability" name="test_t5_announcement_artifact_survives_restart" time="0.062" /><testcase classname="tests.test_task07_durability" name="test_t6_submission_artifact_survives_restart" time="0.078" /><testcase classname="tests.test_task07_durability" name="test_t7_abandoned_job_becomes_retryable_after_restart[PENDING]" time="0.125" /><testcase classname="tests.test_task07_durability" name="test_t7_abandoned_job_becomes_retryable_after_restart[RUNNING]" time="0.134" /><testcase classname="tests.test_task07_durability" name="test_t8_completed_stage1_is_not_called_twice_after_restart" time="0.213" /><testcase classname="tests.test_task07_durability" name="test_t9_completed_stage2_batch_is_not_repeated" time="0.402" /><testcase classname="tests.test_task07_durability" name="test_t10_duplicate_extract_identity_reuses_job" time="0.081" /><testcase classname="tests.test_task07_durability" name="test_t11_retry_limit_is_enforced_without_automatic_loop" time="0.174" /><testcase classname="tests.test_task07_durability" name="test_t12_expired_safe_session_cleanup_removes_metadata_and_artifacts" time="0.125" /><testcase classname="tests.test_task07_durability" name="test_t13_active_or_retryable_session_is_not_cleaned[RUNNING]" time="0.118" /><testcase classname="tests.test_task07_durability" name="test_t13_active_or_retryable_session_is_not_cleaned[RETRYABLE]" time="0.114" /><testcase classname="tests.test_task07_durability" name="test_t13_process_active_session_is_not_cleaned" time="0.132" /><testcase classname="tests.test_task07_durability" name="test_t14_provider_secrets_and_raw_errors_are_not_persisted" time="0.158" /><testcase classname="tests.test_task07_durability" name="test_actual_backend_process_restart_restores_meaningful_profile" time="5.654" /><testcase classname="tests.test_task08_verifier" name="test_t1_only_confirmed_profile_can_compile" time="0.052" /><testcase classname="tests.test_task08_verifier" name="test_t2_planner_input_contains_no_submission_data" time="0.062" /><testcase classname="tests.test_task08_verifier" name="test_t3_non_always_condition_is_review_only" time="0.065" /><testcase classname="tests.test_task08_verifier" name="test_t4_unsupported_verifiers_are_not_executable[SEMANTIC]" time="0.062" /><testcase classname="tests.test_task08_verifier" name="test_t4_unsupported_verifiers_are_not_executable[VISION_SEMANTIC]" time="0.069" /><testcase classname="tests.test_task08_verifier" name="test_t4_unsupported_verifiers_are_not_executable[URL_CHECK]" time="0.068" /><testcase classname="tests.test_task08_verifier" name="test_t4_unsupported_verifiers_are_not_executable[EXTERNAL]" time="0.082" /><testcase classname="tests.test_task08_verifier" name="test_t5_advisory_modalities_do_not_enter_blocking_lane[SHOULD]" time="0.072" /><testcase classname="tests.test_task08_verifier" name="test_t5_advisory_modalities_do_not_enter_blocking_lane[MAY]" time="0.069" /><testcase classname="tests.test_task08_verifier" name="test_t5_advisory_modalities_do_not_enter_blocking_lane[INFO]" time="0.074" /><testcase classname="tests.test_task08_verifier" name="test_t6_parameter_mismatch_is_review_only" time="0.076" /><testcase classname="tests.test_task08_verifier" name="test_t7_operator_mismatch_is_review_only" time="0.085" /><testcase classname="tests.test_task08_verifier" name="test_t7b_unit_mismatch_is_review_only" time="0.078" /><testcase classname="tests.test_task08_verifier" name="test_t7_lte_phrase_cannot_be_reinterpreted_by_overlapping_markers[EQ]" time="0.065" /><testcase classname="tests.test_task08_verifier" name="test_t7_lte_phrase_cannot_be_reinterpreted_by_overlapping_markers[GT]" time="0.050" /><testcase classname="tests.test_task08_verifier" name="test_t7_lte_phrase_cannot_be_reinterpreted_by_overlapping_markers[GTE]" time="0.054" /><testcase classname="tests.test_task08_verifier" name="test_t8_qualifier_loss_is_review_only" time="0.071" /><testcase classname="tests.test_task08_verifier" name="test_t8b_unsupported_qualifier_or_hidden_condition_is_review_only[\ubcf8\ubb38\ub9cc PDF\ub294 10\ud398\uc774\uc9c0 \uc774\ub0b4\uc5ec\uc57c \ud569\ub2c8\ub2e4.]" time="0.062" /><testcase classname="tests.test_task08_verifier" name="test_t8b_unsupported_qualifier_or_hidden_condition_is_review_only[\uc678\ubd80 \ub370\uc774\ud130 \uc0ac\uc6a9 \uc2dc PDF\ub294 10\ud398\uc774\uc9c0 \uc774\ub0b4\uc5ec\uc57c \ud569\ub2c8\ub2e4.]" time="0.093" /><testcase classname="tests.test_task08_verifier" name="test_t9_ambiguous_target_returns_review" time="0.086" /><testcase classname="tests.test_task08_verifier" name="test_t10_dsl_injection_is_schema_rejected[injection0]" time="0.074" /><testcase classname="tests.test_task08_verifier" name="test_t10_dsl_injection_is_schema_rejected[injection1]" time="0.070" /><testcase classname="tests.test_task08_verifier" name="test_t10_dsl_injection_is_schema_rejected[injection2]" time="0.063" /><testcase classname="tests.test_task08_verifier" name="test_t10_dsl_injection_is_schema_rejected[injection3]" time="0.058" /><testcase classname="tests.test_task08_verifier" name="test_t10_dsl_injection_is_schema_rejected[injection4]" time="0.062" /><testcase classname="tests.test_task08_verifier" name="test_t10_dsl_injection_is_schema_rejected[injection5]" time="0.285" /><testcase classname="tests.test_task08_verifier" name="test_t11_file_presence_pass_and_violation_have_evidence" time="0.050" /><testcase classname="tests.test_task08_verifier" name="test_t11b_extension_file_presence_pass_and_violation_have_evidence" time="0.277" /><testcase classname="tests.test_task08_verifier" name="test_fake_mp4_presence_cannot_make_sole_mandatory_rule_ready" time="0.211" /><testcase classname="tests.test_task08_verifier" name="test_t12_file_count_pass_and_violation" time="0.065" /><testcase classname="tests.test_task08_verifier" name="test_t12b_total_file_count_all_files_is_grounded" time="0.062" /><testcase classname="tests.test_task08_verifier" name="test_t12c_work_count_cannot_be_assumed_to_equal_file_count" time="0.061" /><testcase classname="tests.test_task08_verifier" name="test_t13_file_name_literal_operators[EXACT_LITERAL-entry.pdf-entry.pdf]" time="0.067" /><testcase classname="tests.test_task08_verifier" name="test_t13_file_name_literal_operators[PREFIX_LITERAL-entry-entry-final.pdf]" time="0.067" /><testcase classname="tests.test_task08_verifier" name="test_t13_file_name_literal_operators[SUFFIX_LITERAL--final.pdf-entry-final.pdf]" time="0.067" /><testcase classname="tests.test_task08_verifier" name="test_t13_file_name_literal_operators[CONTAINS_LITERAL-final-entry-final.pdf]" time="0.084" /><testcase classname="tests.test_task08_verifier" name="test_t13b_dynamic_filename_variables_are_review_only" time="0.066" /><testcase classname="tests.test_task08_verifier" name="test_t14_extension_spoofing_cannot_pass_file_type" time="0.068" /><testcase classname="tests.test_task08_verifier" name="test_t14a_file_type_mp4_ffprobe_unavailable_is_review" time="0.061" /><testcase classname="tests.test_task08_verifier" name="test_t14b_file_type_mp4_probe_failure_is_review[error0]" time="0.053" /><testcase classname="tests.test_task08_verifier" name="test_t14b_file_type_mp4_probe_failure_is_review[error1]" time="0.048" /><testcase classname="tests.test_task08_verifier" name="test_t14b_file_type_mp4_probe_failure_is_review[error2]" time="0.048" /><testcase classname="tests.test_task08_verifier" name="test_t14b_file_type_mp4_probe_failure_is_review[error3]" time="0.049" /><testcase classname="tests.test_task08_verifier" name="test_t14c_file_type_mp4_confirmed_container_mismatch_is_violation" time="0.055" /><testcase classname="tests.test_task08_verifier" name="test_extension_target_checker_type_inspection_failure_cannot_pass[FILE_COUNT-COUNT-EQ-1-COUNT-PDF \ud30c\uc77c\uc740 1\uac1c\uc5ec\uc57c \ud569\ub2c8\ub2e4.-1\uac1c\uc5ec\uc57c-.pdf]" time="0.205" /><testcase classname="tests.test_task08_verifier" name="test_extension_target_checker_type_inspection_failure_cannot_pass[FILE_SIZE-SIZE-LTE-1-MB-MP4 \ud30c\uc77c\uc740 1MB \uc774\ud558\uc5ec\uc57c \ud569\ub2c8\ub2e4.-1MB \uc774\ud558-.mp4]" time="0.186" /><testcase classname="tests.test_task08_verifier" name="test_extension_target_checker_type_inspection_failure_cannot_pass[FILE_NAME-NAME-EXACT_LITERAL-entry.mp4-NONE-MP4 \ud30c\uc77c\uba85\uc740 entry.mp4\uc5ec\uc57c \ud569\ub2c8\ub2e4.-entry.mp4-.mp4]" time="0.143" /><testcase classname="tests.test_task08_verifier" name="test_t15_file_size_ambiguous_mb_boundary_is_review" time="0.070" /><testcase classname="tests.test_task08_verifier" name="test_t16_pdf_page_count_and_parser_failure" time="0.063" /><testcase classname="tests.test_task08_verifier" name="test_t17_actual_ffprobe_metadata_and_failure" time="0.245" /><testcase classname="tests.test_task08_verifier" name="test_t17_actual_ffprobe_supported_fields[\uc601\uc0c1 \ub108\ube44\ub294 1080px \uc774\uc0c1\uc774\uc5b4\uc57c \ud569\ub2c8\ub2e4.-WIDTH-GTE-1080-PIXELS-1080px \uc774\uc0c1]" time="0.155" /><testcase classname="tests.test_task08_verifier" name="test_t17_actual_ffprobe_supported_fields[\uc601\uc0c1 \ub192\uc774\ub294 1920px \uc774\uc0c1\uc774\uc5b4\uc57c \ud569\ub2c8\ub2e4.-HEIGHT-GTE-1920-PIXELS-1920px \uc774\uc0c1]" time="0.209" /><testcase classname="tests.test_task08_verifier" name="test_t17_actual_ffprobe_supported_fields[\uc601\uc0c1 \ud654\uba74\ube44\ub294 9:16\uc774\uc5b4\uc57c \ud569\ub2c8\ub2e4.-ASPECT_RATIO-EQ-9:16-RATIO-9:16\uc774\uc5b4\uc57c]" time="0.166" /><testcase classname="tests.test_task08_verifier" name="test_t17_actual_ffprobe_supported_fields[\uc601\uc0c1 \ud615\uc2dd\uc740 MP4\uc5ec\uc57c \ud569\ub2c8\ub2e4.-CONTAINER-EQ-mp4-NONE-MP4]" time="0.172" /><testcase classname="tests.test_task08_verifier" name="test_t18_unverified_plan_cannot_create_blocker" time="0.050" /><testcase classname="tests.test_task08_verifier" name="test_t19_checker_failure_or_missing_evidence_cannot_create_pass" time="0.050" /><testcase classname="tests.test_task08_verifier" name="test_t20_generic_review_lane_still_rejects_pass_and_blocker" time="0.048" /><testcase classname="tests.test_task08_verifier" name="test_t21_generic_verifier_verdict_requires_plan_and_submission_evidence" time="0.049" /><testcase classname="tests.test_task08_verifier" name="test_t22_generic_policy_blocks_only_authoritative_mandatory_blocker" time="0.048" /><testcase classname="tests.test_task08_verifier" name="test_t23_plan_set_survives_store_reconstruction" time="0.118" /><testcase classname="tests.test_task08_verifier" name="test_t24_changed_submission_reuses_same_plan_set" time="0.053" /><testcase classname="tests.test_task08_verifier" name="test_t25_profile_version_invalidates_old_plan_set" time="0.047" /><testcase classname="tests.test_task08_verifier" name="test_t25_profile_identity_and_confirmed_contents_invalidate_old_plan_set" time="0.049" /><testcase classname="tests.test_task08_verifier" name="test_t26_source_hash_invalidates_old_plan_set" time="0.056" /><testcase classname="tests.test_task08_verifier" name="test_t27_frozen_validator_and_gold_manifest_are_unchanged" time="0.061" /><testcase classname="tests.test_task08_verifier" name="test_compile_api_failure_stays_in_explicit_review_path" time="0.348" /><testcase classname="tests.test_task08_verifier" name="test_actual_checker_api_broken_to_fixed_reuses_plan" time="0.434" /><testcase classname="tests.test_task09_production_runtime" name="test_zero_cost_provider_keeps_codex_and_rejects_openai_api" time="0.058" /><testcase classname="tests.test_task09_production_runtime" name="test_codex_status_requires_auth_and_locked_model" time="0.057" /><testcase classname="tests.test_task09_production_runtime" name="test_global_and_session_hourly_quotas" time="0.129" /><testcase classname="tests.test_task09_production_runtime" name="test_polling_idempotency_and_concurrency" time="0.163" /><testcase classname="tests.test_task09_production_runtime" name="test_quota_survives_store_reconstruction" time="0.180" /><testcase classname="tests.test_task09_production_runtime" name="test_public_health_uses_codex_without_exposing_auth" time="0.217" /><testcase classname="tests.test_task09_production_runtime" name="test_public_health_fails_closed_on_wrong_provider_or_disabled_guard[local-fallback-1]" time="0.237" /><testcase classname="tests.test_task09_production_runtime" name="test_public_health_fails_closed_on_wrong_provider_or_disabled_guard[codex-0]" time="0.579" /><testcase classname="tests.test_task09_production_runtime" name="test_public_upload_limits_are_environment_driven" time="0.050" /><testcase classname="tests.test_task09_production_runtime" name="test_ngrok_public_runtime_contract" time="0.079" /><testcase classname="tests.test_task09_production_runtime" name="test_locked_sources_are_unchanged" time="0.054" /></testsuite></testsuites>