<?xml version="1.0" encoding="utf-8"?><testsuites name="pytest tests"><testsuite name="pytest" errors="0" failures="0" skipped="0" tests="77" time="19.418" timestamp="2026-09-05T20:41:46.523545+09:00" hostname="DESKTOP-IHO2VU7"><testcase classname="tests.test_profiles" name="test_unsupported_blocker_is_schema_error[SHOULD]" time="0.039" /><testcase classname="tests.test_profiles" name="test_unsupported_blocker_is_schema_error[MAY]" time="0.034" /><testcase classname="tests.test_profiles" name="test_unsupported_blocker_is_schema_error[INFO]" time="0.034" /><testcase classname="tests.test_profiles" name="test_no_evidence_no_rule[None]" time="0.036" /><testcase classname="tests.test_profiles" name="test_no_evidence_no_rule[evidence1]" time="0.046" /><testcase classname="tests.test_profiles" name="test_no_evidence_no_rule[evidence2]" time="0.037" /><testcase classname="tests.test_profiles" name="test_provider_evidence_gate_rejects_rewritten_or_invented_quotes" time="0.200" /><testcase classname="tests.test_profiles" name="test_compound_provider_rule_is_flagged_and_cannot_approve" time="0.174" /><testcase classname="tests.test_profiles" name="test_actual_text_profile_atomic_candidates_and_provenance" time="0.149" /><testcase classname="tests.test_profiles" name="test_actual_pdf_bytes_ingestion_and_extraction[submission.pdf-READABLE]" time="0.640" /><testcase classname="tests.test_profiles" name="test_actual_pdf_bytes_ingestion_and_extraction[scanned.pdf-VISION_REQUIRED]" time="0.577" /><testcase classname="tests.test_profiles" name="test_review_edit_approval_confirmation_handoff_and_invalidation" time="0.361" /><testcase classname="tests.test_profiles" name="test_edit_cannot_invent_quote_and_stale_approval_rejected" time="0.190" /><testcase classname="tests.test_profiles" name="test_delete_keeps_audit_and_empty_profile_cannot_confirm" time="0.223" /><testcase classname="tests.test_profiles" name="test_unknown_source_produces_no_invented_rule" time="0.125" /><testcase classname="tests.test_profiles" name="test_generic_results_cannot_fake_automatic_verdicts[PASS]" time="0.034" /><testcase classname="tests.test_profiles" name="test_generic_results_cannot_fake_automatic_verdicts[BLOCKER]" time="0.036" /><testcase classname="tests.test_profiles" name="test_profile_evidence_offset_and_hash_tampering_rejected" time="0.190" /><testcase classname="tests.test_profiles" name="test_unreadable_pdf_and_timeout_do_not_generate_contents" time="0.515" /><testcase classname="tests.test_profiles" name="test_provider_exception_does_not_confirm_or_create_findings" time="0.149" /><testcase classname="tests.test_profiles" name="test_frozen_before_and_current_directory_hashes_match" time="0.034" /><testcase classname="tests.test_smoke" name="test_source_hash_and_runtime_dependencies" time="0.236" /><testcase classname="tests.test_smoke" name="test_health_and_cross_language_status_contract" time="0.209" /><testcase classname="tests.test_smoke" name="test_actual_upload_broken_to_fixed_golden_path" time="3.988" /><testcase classname="tests.test_smoke" name="test_blocker_requires_both_evidence_sources[announcement_evidence]" time="0.038" /><testcase classname="tests.test_smoke" name="test_blocker_requires_both_evidence_sources[submission_evidence]" time="0.037" /><testcase classname="tests.test_smoke" name="test_protected_rules_reject_unsupported_automatic_results[R19-BLOCKER]" time="0.039" /><testcase classname="tests.test_smoke" name="test_protected_rules_reject_unsupported_automatic_results[R20-BLOCKER]" time="0.052" /><testcase classname="tests.test_smoke" name="test_protected_rules_reject_unsupported_automatic_results[R20-PASS]" time="0.038" /><testcase classname="tests.test_smoke" name="test_protected_rules_reject_unsupported_automatic_results[R21-BLOCKER]" time="0.046" /><testcase classname="tests.test_smoke" name="test_protected_rules_reject_unsupported_automatic_results[R21-PASS]" time="0.036" /><testcase classname="tests.test_smoke" name="test_adapter_reduces_adversarial_blocker_to_review[R19]" time="0.359" /><testcase classname="tests.test_smoke" name="test_adapter_reduces_adversarial_blocker_to_review[R20]" time="0.470" /><testcase classname="tests.test_smoke" name="test_adapter_reduces_adversarial_blocker_to_review[R21]" time="0.368" /><testcase classname="tests.test_smoke" name="test_empty_evidence_rejected" time="0.041" /><testcase classname="tests.test_smoke" name="test_incomplete_run_cannot_be_ready" time="0.048" /><testcase classname="tests.test_smoke" name="test_runtime_failure_clears_stale_ready" time="0.138" /><testcase classname="tests.test_smoke" name="test_custom_announcement_does_not_inherit_frozen_profile" time="0.174" /><testcase classname="tests.test_smoke" name="test_upload_boundaries[unsupported]" time="0.090" /><testcase classname="tests.test_smoke" name="test_upload_boundaries[empty]" time="0.120" /><testcase classname="tests.test_smoke" name="test_upload_boundaries[traversal]" time="0.093" /><testcase classname="tests.test_smoke" name="test_upload_boundaries[limit]" time="0.093" /><testcase classname="tests.test_smoke" name="test_duplicate_names_and_count_limits" time="0.209" /><testcase classname="tests.test_smoke" name="test_session_isolation_and_expiry_cleanup" time="0.183" /><testcase classname="tests.test_smoke" name="test_package_tamper_does_not_produce_ready" time="0.211" /><testcase classname="tests.test_smoke" name="test_actual_scanned_pdf_requests_review_without_vision" time="1.891" /><testcase classname="tests.test_smoke" name="test_frozen_profile_required_and_raw_shape_guard" time="0.118" /><testcase classname="tests.test_task06_two_stage" name="test_t1_117_candidates_are_batched_without_all_or_nothing_loss" time="0.060" /><testcase classname="tests.test_task06_two_stage" name="test_t2_evidence_mismatch_is_rejected_by_deterministic_gate" time="0.042" /><testcase classname="tests.test_task06_two_stage" name="test_t3_unsupported_blocker_is_provisional_until_human_approval" time="0.046" /><testcase classname="tests.test_task06_two_stage" name="test_t4_t5_organizer_prize_and_empty_form_labels_are_dropped[\uc2ec\uc0ac\ub294 \uc8fc\ucd5c \uce21 \uc2ec\uc0ac\uc704\uc6d0\uc774 \uc9c4\ud589\ud55c\ub2e4.-organizer operation]" time="0.043" /><testcase classname="tests.test_task06_two_stage" name="test_t4_t5_organizer_prize_and_empty_form_labels_are_dropped[\ucd1d \uc0c1\uae08\uc740 1\ucc9c\ub9cc\uc6d0\uc774\ub2e4.-prize description]" time="0.036" /><testcase classname="tests.test_task06_two_stage" name="test_t4_t5_organizer_prize_and_empty_form_labels_are_dropped[\uc131\uba85-empty form label]" time="0.039" /><testcase classname="tests.test_task06_two_stage" name="test_t6_duplicate_is_dropped_with_linked_provenance" time="0.043" /><testcase classname="tests.test_task06_two_stage" name="test_t7_condition_loss_is_held_for_review" time="0.044" /><testcase classname="tests.test_task06_two_stage" name="test_t8_provider_failure_cannot_activate_validation_or_ready_state" time="0.041" /><testcase classname="tests.test_task06_two_stage" name="test_t9_partial_stage2_failure_preserves_work_and_retries_only_failed_batch" time="0.145" /><testcase classname="tests.test_task06_two_stage" name="test_hard_ceiling_is_explicit_and_never_silently_truncates" time="0.073" /><testcase classname="tests.test_task06_two_stage" name="test_t10_frozen_validator_and_task04_gold_remain_unchanged" time="0.040" /><testcase classname="tests.test_task07_durability" name="test_t1_session_persists_across_store_reconstruction" time="0.093" /><testcase classname="tests.test_task07_durability" name="test_t2_human_review_progress_survives_restart" time="0.090" /><testcase classname="tests.test_task07_durability" name="test_t3_confirmed_profile_survives_restart" time="0.093" /><testcase classname="tests.test_task07_durability" name="test_t4_ai_blocker_remains_non_authoritative_after_restart" time="0.085" /><testcase classname="tests.test_task07_durability" name="test_t5_announcement_artifact_survives_restart" time="0.042" /><testcase classname="tests.test_task07_durability" name="test_t6_submission_artifact_survives_restart" time="0.050" /><testcase classname="tests.test_task07_durability" name="test_t7_abandoned_job_becomes_retryable_after_restart[PENDING]" time="0.106" /><testcase classname="tests.test_task07_durability" name="test_t7_abandoned_job_becomes_retryable_after_restart[RUNNING]" time="0.103" /><testcase classname="tests.test_task07_durability" name="test_t8_completed_stage1_is_not_called_twice_after_restart" time="0.141" /><testcase classname="tests.test_task07_durability" name="test_t9_completed_stage2_batch_is_not_repeated" time="0.450" /><testcase classname="tests.test_task07_durability" name="test_t10_duplicate_extract_identity_reuses_job" time="0.084" /><testcase classname="tests.test_task07_durability" name="test_t11_retry_limit_is_enforced_without_automatic_loop" time="0.150" /><testcase classname="tests.test_task07_durability" name="test_t12_expired_safe_session_cleanup_removes_metadata_and_artifacts" time="0.093" /><testcase classname="tests.test_task07_durability" name="test_t13_active_or_retryable_session_is_not_cleaned[RUNNING]" time="0.089" /><testcase classname="tests.test_task07_durability" name="test_t13_active_or_retryable_session_is_not_cleaned[RETRYABLE]" time="0.081" /><testcase classname="tests.test_task07_durability" name="test_t13_process_active_session_is_not_cleaned" time="0.087" /><testcase classname="tests.test_task07_durability" name="test_t14_provider_secrets_and_raw_errors_are_not_persisted" time="0.097" /><testcase classname="tests.test_task07_durability" name="test_actual_backend_process_restart_restores_meaningful_profile" time="3.431" /></testsuite></testsuites>